TN:
SF:src/presentation/helpers/http-reponse.js
FN:5,(anonymous_0)
FN:12,(anonymous_1)
FN:19,(anonymous_2)
FN:26,(anonymous_3)
FNF:4
FNH:4
FNDA:3,(anonymous_0)
FNDA:8,(anonymous_1)
FNDA:1,(anonymous_2)
FNDA:3,(anonymous_3)
DA:1,1
DA:2,1
DA:4,1
DA:6,3
DA:13,8
DA:20,1
DA:27,3
LF:7
LH:7
BRF:0
BRH:0
end_of_record
TN:
SF:src/presentation/helpers/invalid-param-error.js
FN:2,(anonymous_0)
FNF:1
FNH:1
FNDA:2,(anonymous_0)
DA:1,1
DA:3,2
DA:4,2
LF:3
LH:3
BRF:0
BRH:0
end_of_record
TN:
SF:src/presentation/helpers/missing-param-error.js
FN:2,(anonymous_0)
FNF:1
FNH:1
FNDA:4,(anonymous_0)
DA:1,1
DA:3,4
DA:4,4
LF:3
LH:3
BRF:0
BRH:0
end_of_record
TN:
SF:src/presentation/helpers/server-error.js
FN:2,(anonymous_0)
FNF:1
FNH:1
FNDA:15,(anonymous_0)
DA:1,1
DA:3,15
DA:4,15
LF:3
LH:3
BRF:0
BRH:0
end_of_record
TN:
SF:src/presentation/helpers/unauthorized-error.js
FN:2,(anonymous_0)
FNF:1
FNH:1
FNDA:2,(anonymous_0)
DA:1,1
DA:3,2
DA:4,2
LF:3
LH:3
BRF:0
BRH:0
end_of_record
TN:
SF:src/presentation/routes/login-router.js
FN:6,(anonymous_0)
FN:11,(anonymous_1)
FNF:2
FNH:2
FNDA:15,(anonymous_0)
FNDA:15,(anonymous_1)
DA:1,1
DA:2,1
DA:3,1
DA:5,1
DA:7,15
DA:8,15
DA:12,15
DA:13,15
DA:14,13
DA:15,1
DA:18,12
DA:19,1
DA:22,5
DA:23,1
DA:26,4
DA:28,4
DA:29,1
DA:32,3
DA:34,8
LF:19
LH:19
BRDA:14,0,0,1
BRDA:14,0,1,12
BRDA:18,1,0,1
BRDA:18,1,1,5
BRDA:22,2,0,1
BRDA:22,2,1,4
BRDA:28,3,0,1
BRDA:28,3,1,3
BRF:8
BRH:8
end_of_record
